<?xml version="1.0" encoding="UTF-8" ?>
<testsuite failures="0" time="0.016" errors="0" skipped="0" tests="1" name="com.silanis.simple.AppTest">
  <properties>
    <property name="java.runtime.name" value="Java(TM) SE Runtime Environment"/>
    <property name="sun.boot.library.path" value="C:\Program Files\Java\jdk1.6.0_21\jre\bin"/>
    <property name="java.vm.version" value="17.0-b17"/>
    <property name="java.vm.vendor" value="Sun Microsystems Inc."/>
    <property name="java.vendor.url" value="http://java.sun.com/"/>
    <property name="path.separator" value=";"/>
    <property name="java.vm.name" value="Java HotSpot(TM) 64-Bit Server VM"/>
    <property name="file.encoding.pkg" value="sun.io"/>
    <property name="user.country" value="US"/>
    <property name="sun.java.launcher" value="SUN_STANDARD"/>
    <property name="sun.os.patch.level" value=""/>
    <property name="java.vm.specification.name" value="Java Virtual Machine Specification"/>
    <property name="user.dir" value="C:\Documents and Settings\zluo\Documents\workspace-sts-2.5.0.M3\simple"/>
    <property name="java.runtime.version" value="1.6.0_21-b07"/>
    <property name="java.awt.graphicsenv" value="sun.awt.Win32GraphicsEnvironment"/>
    <property name="basedir" value="C:\Documents and Settings\zluo\Documents\workspace-sts-2.5.0.M3\simple"/>
    <property name="java.endorsed.dirs" value="C:\Program Files\Java\jdk1.6.0_21\jre\lib\endorsed"/>
    <property name="os.arch" value="amd64"/>
    <property name="surefire.real.class.path" value="C:\Users\zluo\AppData\Local\Temp\surefirebooter7032265565325761159.jar"/>
    <property name="java.io.tmpdir" value="C:\Users\zluo\AppData\Local\Temp\"/>
    <property name="line.separator" value="
"/>
    <property name="java.vm.specification.vendor" value="Sun Microsystems Inc."/>
    <property name="user.variant" value=""/>
    <property name="os.name" value="Windows 7"/>
    <property name="sun.jnu.encoding" value="Cp1252"/>
    <property name="java.library.path" value="C:\Program Files\Java\jdk1.6.0_21\jre\bin;.;C:\Windows\Sun\Java\bin;C:\Windows\system32;C:\Windows;c:\commands;C:\oraclexe\app\oracle\product\10.2.0\server\bin;C:\Program Files\Java\jdk1.6.0_21\bin;c:\apache-maven-2.2.1\bin;c:\apache-ant-1.8.1\bin;C:\Windows\system32;C:\Windows;C:\Windows\System32\Wbem;C:\Windows\System32\WindowsPowerShell\v1.0\;C:\Program Files\Intel\DMIX;C:\Program Files\Hewlett-Packard\Drive Encryption\;C:\Program Files (x86)\SlikSvn\bin\;C:\Program Files\TortoiseSVN\bin;C:\Program Files (x86)\ApproveIt\XHTML;C:\axis2c-bin-1.6.0-win32\services\DEService;C:\axis2c-bin-1.6.0-win32\lib;C:\Program Files (x86)\Silanis\AWS_Client\;C:\axis2c-bin-1.6.0-win32\services\DEService;C:\axis2c-bin-1.6.0-win32\lib;C:\Program Files (x86)\ApproveIt\;C:\axis2c-bin-1.6.0-win32\services\DEService;C:\axis2c-bin-1.6.0-win32\lib;c:\Program Files (x86)\Microsoft SQL Server\100\Tools\Binn\;c:\Program Files\Microsoft SQL Server\100\Tools\Binn\;c:\Program Files\Microsoft SQL Server\100\DTS\Binn\;C:\Program Files (x86)\Silanis\AWS_Client\;C:\axis2c-bin-1.6.0-win32\services\DEService;C:\axis2c-bin-1.6.0-win32\lib;C:\Program Files (x86)\Git\cmd;C:\Program Files (x86)\Git\bin"/>
    <property name="surefire.test.class.path" value="C:\Documents and Settings\zluo\Documents\workspace-sts-2.5.0.M3\simple\target\test-classes;C:\Documents and Settings\zluo\Documents\workspace-sts-2.5.0.M3\simple\target\classes;C:\Users\zluo\.m2\repository\junit\junit\3.8.1\junit-3.8.1.jar;C:\Users\zluo\.m2\repository\org\hibernate\hibernate-core\3.6.0.Final\hibernate-core-3.6.0.Final.jar;C:\Users\zluo\.m2\repository\antlr\antlr\2.7.6\antlr-2.7.6.jar;C:\Users\zluo\.m2\repository\commons-collections\commons-collections\3.1\commons-collections-3.1.jar;C:\Users\zluo\.m2\repository\dom4j\dom4j\1.6.1\dom4j-1.6.1.jar;C:\Users\zluo\.m2\repository\org\hibernate\hibernate-commons-annotations\3.2.0.Final\hibernate-commons-annotations-3.2.0.Final.jar;C:\Users\zluo\.m2\repository\org\slf4j\slf4j-api\1.6.1\slf4j-api-1.6.1.jar;C:\Users\zluo\.m2\repository\org\hibernate\javax\persistence\hibernate-jpa-2.0-api\1.0.0.Final\hibernate-jpa-2.0-api-1.0.0.Final.jar;C:\Users\zluo\.m2\repository\javax\transaction\jta\1.1\jta-1.1.jar;C:\Users\zluo\.m2\repository\org\hibernate\hibernate-oscache\3.6.0.Final\hibernate-oscache-3.6.0.Final.jar;C:\Users\zluo\.m2\repository\opensymphony\oscache\2.1\oscache-2.1.jar;C:\Users\zluo\.m2\repository\javassist\javassist\3.11.0.GA\javassist-3.11.0.GA.jar;C:\Users\zluo\.m2\repository\org\hsqldb\hsqldb\2.0.0\hsqldb-2.0.0.jar;C:\Users\zluo\.m2\repository\org\springframework\spring-context\3.0.2.RELEASE\spring-context-3.0.2.RELEASE.jar;C:\Users\zluo\.m2\repository\org\springframework\spring-aop\3.0.2.RELEASE\spring-aop-3.0.2.RELEASE.jar;C:\Users\zluo\.m2\repository\aopalliance\aopalliance\1.0\aopalliance-1.0.jar;C:\Users\zluo\.m2\repository\org\springframework\spring-asm\3.0.2.RELEASE\spring-asm-3.0.2.RELEASE.jar;C:\Users\zluo\.m2\repository\org\springframework\spring-beans\3.0.2.RELEASE\spring-beans-3.0.2.RELEASE.jar;C:\Users\zluo\.m2\repository\org\springframework\spring-core\3.0.2.RELEASE\spring-core-3.0.2.RELEASE.jar;C:\Users\zluo\.m2\repository\org\springframework\spring-expression\3.0.2.RELEASE\spring-expression-3.0.2.RELEASE.jar;C:\Users\zluo\.m2\repository\org\springframework\spring-test\3.0.2.RELEASE\spring-test-3.0.2.RELEASE.jar;"/>
    <property name="java.specification.name" value="Java Platform API Specification"/>
    <property name="java.class.version" value="50.0"/>
    <property name="sun.management.compiler" value="HotSpot 64-Bit Server Compiler"/>
    <property name="os.version" value="6.1"/>
    <property name="user.home" value="C:\Users\zluo"/>
    <property name="user.timezone" value=""/>
    <property name="java.awt.printerjob" value="sun.awt.windows.WPrinterJob"/>
    <property name="java.specification.version" value="1.6"/>
    <property name="file.encoding" value="Cp1252"/>
    <property name="user.name" value="zluo"/>
    <property name="java.class.path" value="C:\Documents and Settings\zluo\Documents\workspace-sts-2.5.0.M3\simple\target\test-classes;C:\Documents and Settings\zluo\Documents\workspace-sts-2.5.0.M3\simple\target\classes;C:\Users\zluo\.m2\repository\junit\junit\3.8.1\junit-3.8.1.jar;C:\Users\zluo\.m2\repository\org\hibernate\hibernate-core\3.6.0.Final\hibernate-core-3.6.0.Final.jar;C:\Users\zluo\.m2\repository\antlr\antlr\2.7.6\antlr-2.7.6.jar;C:\Users\zluo\.m2\repository\commons-collections\commons-collections\3.1\commons-collections-3.1.jar;C:\Users\zluo\.m2\repository\dom4j\dom4j\1.6.1\dom4j-1.6.1.jar;C:\Users\zluo\.m2\repository\org\hibernate\hibernate-commons-annotations\3.2.0.Final\hibernate-commons-annotations-3.2.0.Final.jar;C:\Users\zluo\.m2\repository\org\slf4j\slf4j-api\1.6.1\slf4j-api-1.6.1.jar;C:\Users\zluo\.m2\repository\org\hibernate\javax\persistence\hibernate-jpa-2.0-api\1.0.0.Final\hibernate-jpa-2.0-api-1.0.0.Final.jar;C:\Users\zluo\.m2\repository\javax\transaction\jta\1.1\jta-1.1.jar;C:\Users\zluo\.m2\repository\org\hibernate\hibernate-oscache\3.6.0.Final\hibernate-oscache-3.6.0.Final.jar;C:\Users\zluo\.m2\repository\opensymphony\oscache\2.1\oscache-2.1.jar;C:\Users\zluo\.m2\repository\javassist\javassist\3.11.0.GA\javassist-3.11.0.GA.jar;C:\Users\zluo\.m2\repository\org\hsqldb\hsqldb\2.0.0\hsqldb-2.0.0.jar;C:\Users\zluo\.m2\repository\org\springframework\spring-context\3.0.2.RELEASE\spring-context-3.0.2.RELEASE.jar;C:\Users\zluo\.m2\repository\org\springframework\spring-aop\3.0.2.RELEASE\spring-aop-3.0.2.RELEASE.jar;C:\Users\zluo\.m2\repository\aopalliance\aopalliance\1.0\aopalliance-1.0.jar;C:\Users\zluo\.m2\repository\org\springframework\spring-asm\3.0.2.RELEASE\spring-asm-3.0.2.RELEASE.jar;C:\Users\zluo\.m2\repository\org\springframework\spring-beans\3.0.2.RELEASE\spring-beans-3.0.2.RELEASE.jar;C:\Users\zluo\.m2\repository\org\springframework\spring-core\3.0.2.RELEASE\spring-core-3.0.2.RELEASE.jar;C:\Users\zluo\.m2\repository\org\springframework\spring-expression\3.0.2.RELEASE\spring-expression-3.0.2.RELEASE.jar;C:\Users\zluo\.m2\repository\org\springframework\spring-test\3.0.2.RELEASE\spring-test-3.0.2.RELEASE.jar;"/>
    <property name="java.vm.specification.version" value="1.0"/>
    <property name="sun.arch.data.model" value="64"/>
    <property name="java.home" value="C:\Program Files\Java\jdk1.6.0_21\jre"/>
    <property name="java.specification.vendor" value="Sun Microsystems Inc."/>
    <property name="user.language" value="en"/>
    <property name="awt.toolkit" value="sun.awt.windows.WToolkit"/>
    <property name="java.vm.info" value="mixed mode"/>
    <property name="java.version" value="1.6.0_21"/>
    <property name="java.ext.dirs" value="C:\Program Files\Java\jdk1.6.0_21\jre\lib\ext;C:\Windows\Sun\Java\lib\ext"/>
    <property name="sun.boot.class.path" value="C:\Program Files\Java\jdk1.6.0_21\jre\lib\resources.jar;C:\Program Files\Java\jdk1.6.0_21\jre\lib\rt.jar;C:\Program Files\Java\jdk1.6.0_21\jre\lib\sunrsasign.jar;C:\Program Files\Java\jdk1.6.0_21\jre\lib\jsse.jar;C:\Program Files\Java\jdk1.6.0_21\jre\lib\jce.jar;C:\Program Files\Java\jdk1.6.0_21\jre\lib\charsets.jar;C:\Program Files\Java\jdk1.6.0_21\jre\classes"/>
    <property name="java.vendor" value="Sun Microsystems Inc."/>
    <property name="localRepository" value="C:\Users\zluo\.m2\repository"/>
    <property name="file.separator" value="\"/>
    <property name="java.vendor.url.bug" value="http://java.sun.com/cgi-bin/bugreport.cgi"/>
    <property name="sun.cpu.endian" value="little"/>
    <property name="sun.io.unicode.encoding" value="UnicodeLittle"/>
    <property name="sun.desktop" value="windows"/>
    <property name="sun.cpu.isalist" value="amd64"/>
  </properties>
  <testcase time="0" classname="com.silanis.simple.AppTest" name="testApp"/>
</testsuite>